bridge: ap=/dev/ttyUSB0 sta=/dev/ttyUSB1 baud=921600 logdir=logs capture=logs/capture_1771148336.sf.bin
bridge: roles ap_role=AP sta_role=STA
bridge: proto_log=logs/proto_1771148336.jsonl
[AP->STA] /dev/ttyUSB0 UDP conn=5010 port=40000 len=15 head=63630a000008006680808080000099
[CMD] udp dst=40000 phone_src=5010 len=15 op=0x000a head=63630a000008006680808080000099
[AP->STA] /dev/ttyUSB0 UDP conn=5010 port=40000 len=15 head=63630a000008006680808080000099
[AP->STA] /dev/ttyUSB0 UDP conn=5010 port=40000 len=15 head=63630a000008006680808080000099
[AP->STA] /dev/ttyUSB0 UDP conn=5010 port=40000 len=15 head=63630a000008006680808080000099
[AP->STA] /dev/ttyUSB0 UDP conn=5010 port=40000 len=15 head=63630a000008006680808080000099
[AP->STA] /dev/ttyUSB0 UDP conn=5010 port=40000 len=15 head=63630a000008006680808080000099
[AP->STA] /dev/ttyUSB0 UDP conn=6000 port=40000 len=7 head=63630100000000
[CMD] udp dst=40000 phone_src=6000 len=7 op=0x0001 head=63630100000000
[AP->STA] /dev/ttyUSB0 UDP conn=5010 port=40000 len=15 head=63630a000008006680808080000099
[AP->STA] /dev/ttyUSB0 UDP conn=5010 port=40000 len=15 head=63630a000008006680808080000099
[AP->STA] /dev/ttyUSB0 UDP conn=5010 port=40000 len=15 head=63630a000008006680808080000099
[AP->STA] /dev/ttyUSB0 UDP conn=5010 port=40000 len=15 head=63630a000008006680808080000099
[AP->STA] /dev/ttyUSB0 UDP conn=5010 port=40000 len=15 head=63630a000008006680808080000099
[AP->STA] /dev/ttyUSB0 UDP conn=5010 port=40000 len=15 head=63630a000008006680808080000099
[AP->STA] /dev/ttyUSB0 UDP conn=5010 port=40000 len=15 head=63630a000008006680808080000099
[AP->STA] /dev/ttyUSB0 UDP conn=5010 port=40000 len=15 head=63630a000008006680808080000099
[AP->STA] /dev/ttyUSB0 UDP conn=5010 port=40000 len=15 head=63630a000008006680808080000099
[AP->STA] /dev/ttyUSB0 UDP conn=5010 port=40000 len=15 head=63630a000008006680808080000099
[AP->STA] /dev/ttyUSB0 UDP conn=5010 port=40000 len=15 head=63630a000008006680808080000099
[AP->STA] /dev/ttyUSB0 UDP conn=5010 port=40000 len=15 head=63630a000008006680808080000099
[AP->STA] /dev/ttyUSB0 UDP conn=5010 port=40000 len=15 head=63630a000008006680808080000099
[AP->STA] /dev/ttyUSB0 UDP conn=5010 port=40000 len=15 head=63630a000008006680808080000099
[AP->STA] /dev/ttyUSB0 UDP conn=5010 port=40000 len=15 head=63630a000008006680808080000099
[AP->STA] /dev/ttyUSB0 UDP conn=5010 port=40000 len=15 head=63630a000008006680808080000099
[AP->STA] /dev/ttyUSB0 UDP conn=5010 port=40000 len=15 head=63630a000008006680808080000099
[AP->STA] /dev/ttyUSB0 UDP conn=5010 port=40000 len=15 head=63630a000008006680808080000099
[CMD] udp dst=40000 phone_src=5010 len=15 op=0x000a head=63630a000008006680808080000099 (x24)
[AP->STA] /dev/ttyUSB0 UDP conn=5010 port=40000 len=15 head=63630a000008006680808080000099
[AP->STA] /dev/ttyUSB0 UDP conn=5010 port=40000 len=15 head=63630a000008006680808080000099
[AP->STA] /dev/ttyUSB0 UDP conn=5010 port=40000 len=15 head=63630a000008006680808080000099
[AP->STA] /dev/ttyUSB0 UDP conn=5010 port=40000 len=15 head=63630a000008006680808080000099
[AP->STA] /dev/ttyUSB0 UDP conn=5010 port=40000 len=15 head=63630a000008006680808080000099
[AP->STA] /dev/ttyUSB0 UDP conn=6000 port=40000 len=7 head=63630100000000
[CMD] udp dst=40000 phone_src=6000 len=7 op=0x0001 head=63630100000000 (x2)
[AP->STA] /dev/ttyUSB0 UDP conn=5010 port=40000 len=15 head=63630a000008006680808080000099
[STA->AP] /dev/ttyUSB1 UDP conn=6000 port=40000 len=106 head=63630118006300524144434c4f4650565f38333938313900000000000000000000000000000000000000000000000000
[TEL] udp src=40000 phone_dst=6000 len=106 cc_type=0x01 head=63630118006300524144434c4f4650565f38333938313900
[AP->STA] /dev/ttyUSB0 UDP conn=5010 port=40000 len=15 head=63630a000008006680808080000099
[AP->STA] /dev/ttyUSB0 UDP conn=5010 port=40000 len=15 head=63630a000008006680808080000099
[AP->STA] /dev/ttyUSB0 UDP conn=5010 port=40000 len=15 head=63630a000008006680808080000099
[AP->STA] /dev/ttyUSB0 UDP conn=5010 port=40000 len=15 head=63630a000008006680808080000099
[AP->STA] /dev/ttyUSB0 UDP conn=5010 port=40000 len=15 head=63630a000008006680808080000099
[AP->STA] /dev/ttyUSB0 UDP conn=5010 port=40000 len=15 head=63630a000008006680808080000099
[AP->STA] /dev/ttyUSB0 UDP conn=5010 port=40000 len=15 head=63630a000008006680808080000099
[AP->STA] /dev/ttyUSB0 UDP conn=5010 port=40000 len=15 head=63630a000008006680808080000099
[AP->STA] /dev/ttyUSB0 UDP conn=5010 port=40000 len=15 head=63630a000008006680808080000099
[AP->STA] /dev/ttyUSB0 UDP conn=5010 port=40000 len=15 head=63630a000008006680808080000099
[AP->STA] /dev/ttyUSB0 UDP conn=5010 port=40000 len=15 head=63630a000008006680808080000099
[AP->STA] /dev/ttyUSB0 UDP conn=5010 port=40000 len=15 head=63630a000008006680808080000099
[AP->STA] /dev/ttyUSB0 UDP conn=5010 port=40000 len=15 head=63630a000008006680808080000099
[AP->STA] /dev/ttyUSB0 UDP conn=5010 port=40000 len=15 head=63630a000008006680808080000099
[AP->STA] /dev/ttyUSB0 UDP conn=5010 port=40000 len=15 head=63630a000008006680808080000099
[AP->STA] /dev/ttyUSB0 UDP conn=5010 port=40000 len=15 head=63630a000008006680808080000099
[AP->STA] /dev/ttyUSB0 UDP conn=5010 port=40000 len=15 head=63630a000008006680808080000099
[CMD] udp dst=40000 phone_src=5010 len=15 op=0x000a head=63630a000008006680808080000099 (x23)
[AP->STA] /dev/ttyUSB0 UDP conn=5010 port=40000 len=15 head=63630a000008006680808080000099
[AP->STA] /dev/ttyUSB0 UDP conn=5010 port=40000 len=15 head=63630a000008006680808080000099
[AP->STA] /dev/ttyUSB0 UDP conn=5010 port=40000 len=15 head=63630a000008006680808080000099
[AP->STA] /dev/ttyUSB0 UDP conn=5010 port=40000 len=15 head=63630a000008006680808080000099
[AP->STA] /dev/ttyUSB0 UDP conn=6000 port=40000 len=7 head=63630100000000
[CMD] udp dst=40000 phone_src=6000 len=7 op=0x0001 head=63630100000000 (x1)
[AP->STA] /dev/ttyUSB0 UDP conn=5010 port=40000 len=15 head=63630a000008006680808080000099
[STA->AP] /dev/ttyUSB1 UDP conn=6000 port=40000 len=106 head=63630119006300524144434c4f4650565f38333938313900000000000000000000000000000000000000000000000000
[AP->STA] /dev/ttyUSB0 UDP conn=5010 port=40000 len=15 head=63630a000008006680808080000099
[AP->STA] /dev/ttyUSB0 UDP conn=5010 port=40000 len=15 head=63630a000008006680808080000099
[AP->STA] /dev/ttyUSB0 UDP conn=5010 port=40000 len=15 head=63630a000008006680808080000099
[AP->STA] /dev/ttyUSB0 UDP conn=5010 port=40000 len=15 head=63630a000008006680808080000099
[AP->STA] /dev/ttyUSB0 UDP conn=5010 port=40000 len=15 head=63630a000008006680808080000099
[AP->STA] /dev/ttyUSB0 UDP conn=5010 port=40000 len=15 head=63630a000008006680808080000099
[AP->STA] /dev/ttyUSB0 UDP conn=5010 port=40000 len=15 head=63630a000008006680808080000099
[AP->STA] /dev/ttyUSB0 UDP conn=5010 port=40000 len=15 head=63630a000008006680808080000099
[AP->STA] /dev/ttyUSB0 UDP conn=5010 port=40000 len=15 head=63630a000008006680808080000099
[AP->STA] /dev/ttyUSB0 UDP conn=5010 port=40000 len=15 head=63630a000008006680808080000099
[AP->STA] /dev/ttyUSB0 UDP conn=5010 port=40000 len=15 head=63630a000008006680808080000099
[AP->STA] /dev/ttyUSB0 UDP conn=5010 port=40000 len=15 head=63630a000008006680808080000099
[AP->STA] /dev/ttyUSB0 UDP conn=5010 port=40000 len=15 head=63630a000008006680808080000099
[AP->STA] /dev/ttyUSB0 UDP conn=5010 port=40000 len=15 head=63630a000008006680808080000099
[AP->STA] /dev/ttyUSB0 UDP conn=5010 port=40000 len=15 head=63630a000008006680808080000099
[AP->STA] /dev/ttyUSB0 UDP conn=5010 port=40000 len=15 head=63630a000008006680808080000099
[AP->STA] /dev/ttyUSB0 UDP conn=5010 port=40000 len=15 head=63630a000008006680808080000099
[AP->STA] /dev/ttyUSB0 UDP conn=5010 port=40000 len=15 head=63630a000008006680808080000099
[CMD] udp dst=40000 phone_src=5010 len=15 op=0x000a head=63630a000008006680808080000099 (x23)
[AP->STA] /dev/ttyUSB0 UDP conn=5010 port=40000 len=15 head=63630a000008006680808080000099
[AP->STA] /dev/ttyUSB0 UDP conn=5010 port=40000 len=15 head=63630a000008006680808080000099
[AP->STA] /dev/ttyUSB0 UDP conn=5010 port=40000 len=15 head=63630a000008006680808080000099
[AP->STA] /dev/ttyUSB0 UDP conn=6000 port=40000 len=7 head=63630100000000
[AP->STA] /dev/ttyUSB0 UDP conn=5010 port=40000 len=15 head=63630a00000800668080ff80007f99
[CMD] udp dst=40000 phone_src=5010 (previous repeated x3)
[CMD] udp dst=40000 phone_src=5010 len=15 op=0x000a head=63630a00000800668080ff80007f99
[STA->AP] /dev/ttyUSB1 UDP conn=6000 port=40000 len=106 head=6363011a006300524144434c4f4650565f38333938313900000000000000000000000000000000000000000000000000
[TEL] udp src=40000 phone_dst=6000 len=106 cc_type=0x01 head=6363011a006300524144434c4f4650565f38333938313900
[AP->STA] /dev/ttyUSB0 UDP conn=5010 port=40000 len=15 head=63630a00000800668080ff80007f99
[AP->STA] /dev/ttyUSB0 UDP conn=5010 port=40000 len=15 head=63630a000008006680808080000099
[CMD] udp dst=40000 phone_src=5010 (previous repeated x2)
[CMD] udp dst=40000 phone_src=5010 len=15 op=0x000a head=63630a000008006680808080000099
[AP->STA] /dev/ttyUSB0 UDP conn=5010 port=40000 len=15 head=63630a000008006680808080000099
[AP->STA] /dev/ttyUSB0 UDP conn=5010 port=40000 len=15 head=63630a000008006680808080000099
[AP->STA] /dev/ttyUSB0 UDP conn=5010 port=40000 len=15 head=63630a000008006680808080000099
[AP->STA] /dev/ttyUSB0 UDP conn=5010 port=40000 len=15 head=63630a000008006680808080000099
[AP->STA] /dev/ttyUSB0 UDP conn=5010 port=40000 len=15 head=63630a000008006680808080000099
[AP->STA] /dev/ttyUSB0 UDP conn=5010 port=40000 len=15 head=63630a000008006680808080000099
[AP->STA] /dev/ttyUSB0 UDP conn=5010 port=40000 len=15 head=63630a000008006680808080000099
[AP->STA] /dev/ttyUSB0 UDP conn=5010 port=40000 len=15 head=63630a000008006680808080000099
[AP->STA] /dev/ttyUSB0 UDP conn=5010 port=40000 len=15 head=63630a000008006680808080000099
[AP->STA] /dev/ttyUSB0 UDP conn=5010 port=40000 len=15 head=63630a000008006680808080000099
[AP->STA] /dev/ttyUSB0 UDP conn=5010 port=40000 len=15 head=63630a00000800668080fe80007e99
[CMD] udp dst=40000 phone_src=5010 (previous repeated x11)
[CMD] udp dst=40000 phone_src=5010 len=15 op=0x000a head=63630a00000800668080fe80007e99
[AP->STA] /dev/ttyUSB0 UDP conn=5010 port=40000 len=15 head=63630a000008006680808080000099
[CMD] udp dst=40000 phone_src=5010 len=15 op=0x000a head=63630a000008006680808080000099
[AP->STA] /dev/ttyUSB0 UDP conn=5010 port=40000 len=15 head=63630a000008006680808080000099
[AP->STA] /dev/ttyUSB0 UDP conn=5010 port=40000 len=15 head=63630a000008006680808080000099
[AP->STA] /dev/ttyUSB0 UDP conn=5010 port=40000 len=15 head=63630a000008006680808080000099
[AP->STA] /dev/ttyUSB0 UDP conn=5010 port=40000 len=15 head=63630a000008006680808080000099
[AP->STA] /dev/ttyUSB0 UDP conn=5010 port=40000 len=15 head=63630a000008006680808080000099
[AP->STA] /dev/ttyUSB0 UDP conn=5010 port=40000 len=15 head=63630a000008006680808080000099
[AP->STA] /dev/ttyUSB0 UDP conn=5010 port=40000 len=15 head=63630a000008006680808080000099
[AP->STA] /dev/ttyUSB0 UDP conn=5010 port=40000 len=15 head=63630a000008006680808080000099
[AP->STA] /dev/ttyUSB0 UDP conn=6000 port=40000 len=7 head=63630100000000
[CMD] udp dst=40000 phone_src=6000 len=7 op=0x0001 head=63630100000000 (x2)
[STA->AP] /dev/ttyUSB1 UDP conn=6000 port=40000 len=106 head=6363011b006300524144434c4f4650565f38333938313900000000000000000000000000000000000000000000000000
[AP->STA] /dev/ttyUSB0 UDP conn=5010 port=40000 len=15 head=63630a000008006680808080000099
[AP->STA] /dev/ttyUSB0 UDP conn=5010 port=40000 len=15 head=63630a000008006680808080000099
[AP->STA] /dev/ttyUSB0 UDP conn=5010 port=40000 len=15 head=63630a000008006680808080000099
[AP->STA] /dev/ttyUSB0 UDP conn=5010 port=40000 len=15 head=63630a000008006680808080000099
[AP->STA] /dev/ttyUSB0 UDP conn=5010 port=40000 len=15 head=63630a000008006680808080000099
[AP->STA] /dev/ttyUSB0 UDP conn=5010 port=40000 len=15 head=63630a000008006680808080000099
[AP->STA] /dev/ttyUSB0 UDP conn=5010 port=40000 len=15 head=63630a000008006680808080000099
[AP->STA] /dev/ttyUSB0 UDP conn=5010 port=40000 len=15 head=63630a000008006680808080000099
[AP->STA] /dev/ttyUSB0 UDP conn=5010 port=40000 len=15 head=63630a000008006680808080000099
[AP->STA] /dev/ttyUSB0 UDP conn=5010 port=40000 len=15 head=63630a000008006680808080000099
[AP->STA] /dev/ttyUSB0 UDP conn=5010 port=40000 len=15 head=63630a000008006680808080000099
[AP->STA] /dev/ttyUSB0 UDP conn=5010 port=40000 len=15 head=63630a000008006680808080000099
[AP->STA] /dev/ttyUSB0 UDP conn=5010 port=40000 len=15 head=63630a000008006680808080000099
[AP->STA] /dev/ttyUSB0 UDP conn=5010 port=40000 len=15 head=63630a000008006680808080000099
[CMD] udp dst=40000 phone_src=5010 len=15 op=0x000a head=63630a000008006680808080000099 (x23)
[AP->STA] /dev/ttyUSB0 UDP conn=5010 port=40000 len=15 head=63630a000008006680808080000099
[AP->STA] /dev/ttyUSB0 UDP conn=5010 port=40000 len=15 head=63630a000008006680808080000099
[AP->STA] /dev/ttyUSB0 UDP conn=5010 port=40000 len=15 head=63630a000008006680808080000099
[AP->STA] /dev/ttyUSB0 UDP conn=5010 port=40000 len=15 head=63630a000008006680808080000099
[AP->STA] /dev/ttyUSB0 UDP conn=5010 port=40000 len=15 head=63630a000008006680808080000099
[AP->STA] /dev/ttyUSB0 UDP conn=5010 port=40000 len=15 head=63630a000008006680808080000099
[AP->STA] /dev/ttyUSB0 UDP conn=5010 port=40000 len=15 head=63630a000008006680808080000099
[AP->STA] /dev/ttyUSB0 UDP conn=5010 port=40000 len=15 head=63630a000008006680808080000099
[AP->STA] /dev/ttyUSB0 UDP conn=6000 port=40000 len=7 head=63630100000000
[CMD] udp dst=40000 phone_src=6000 len=7 op=0x0001 head=63630100000000 (x1)
[AP->STA] /dev/ttyUSB0 UDP conn=5010 port=40000 len=15 head=63630a000008006680808080000099
[STA->AP] /dev/ttyUSB1 UDP conn=6000 port=40000 len=106 head=6363011c006300524144434c4f4650565f38333938313900000000000000000000000000000000000000000000000000
[TEL] udp src=40000 phone_dst=6000 len=106 cc_type=0x01 head=6363011c006300524144434c4f4650565f38333938313900
[AP->STA] /dev/ttyUSB0 UDP conn=5010 port=40000 len=15 head=63630a000008006680808080000099
[AP->STA] /dev/ttyUSB0 UDP conn=5010 port=40000 len=15 head=63630a000008006680808080000099
[AP->STA] /dev/ttyUSB0 UDP conn=5010 port=40000 len=15 head=63630a00000800668080a780002799
[CMD] udp dst=40000 phone_src=5010 (previous repeated x11)
[CMD] udp dst=40000 phone_src=5010 len=15 op=0x000a head=63630a00000800668080a780002799
[AP->STA] /dev/ttyUSB0 UDP conn=5010 port=40000 len=15 head=63630a000008006680803d8000bd99
[CMD] udp dst=40000 phone_src=5010 len=15 op=0x000a head=63630a000008006680803d8000bd99
[AP->STA] /dev/ttyUSB0 UDP conn=5010 port=40000 len=15 head=63630a000008006680800f80008f99
[CMD] udp dst=40000 phone_src=5010 len=15 op=0x000a head=63630a000008006680800f80008f99
[AP->STA] /dev/ttyUSB0 UDP conn=5010 port=40000 len=15 head=63630a000008006680808080000099
[CMD] udp dst=40000 phone_src=5010 len=15 op=0x000a head=63630a000008006680808080000099
[AP->STA] /dev/ttyUSB0 UDP conn=5010 port=40000 len=15 head=63630a000008006680808080000099
[AP->STA] /dev/ttyUSB0 UDP conn=5010 port=40000 len=15 head=63630a000008006680808080000099
[AP->STA] /dev/ttyUSB0 UDP conn=5010 port=40000 len=15 head=63630a000008006680808080000099
[AP->STA] /dev/ttyUSB0 UDP conn=5010 port=40000 len=15 head=63630a000008006680808080000099
[AP->STA] /dev/ttyUSB0 UDP conn=5010 port=40000 len=15 head=63630a000008006680808080000099
[AP->STA] /dev/ttyUSB0 UDP conn=5010 port=40000 len=15 head=63630a000008006680808080000099
[AP->STA] /dev/ttyUSB0 UDP conn=5010 port=40000 len=15 head=63630a000008006680808080000099
[AP->STA] /dev/ttyUSB0 UDP conn=5010 port=40000 len=15 head=63630a00000800668080a780002799
[CMD] udp dst=40000 phone_src=5010 (previous repeated x8)
[CMD] udp dst=40000 phone_src=5010 len=15 op=0x000a head=63630a00000800668080a780002799
[AP->STA] /dev/ttyUSB0 UDP conn=5010 port=40000 len=15 head=63630a000008006680809780001799
[CMD] udp dst=40000 phone_src=5010 len=15 op=0x000a head=63630a000008006680809780001799
[AP->STA] /dev/ttyUSB0 UDP conn=5010 port=40000 len=15 head=63630a000008006680807f8000ff99
[CMD] udp dst=40000 phone_src=5010 len=15 op=0x000a head=63630a000008006680807f8000ff99
[AP->STA] /dev/ttyUSB0 UDP conn=5010 port=40000 len=15 head=63630a000008006680808080000099
[CMD] udp dst=40000 phone_src=5010 len=15 op=0x000a head=63630a000008006680808080000099
[AP->STA] /dev/ttyUSB0 UDP conn=5010 port=40000 len=15 head=63630a000008006680808080000099
[AP->STA] /dev/ttyUSB0 UDP conn=5010 port=40000 len=15 head=63630a000008006680808080000099
[AP->STA] /dev/ttyUSB0 UDP conn=5010 port=40000 len=15 head=63630a000008006680808080000099
[AP->STA] /dev/ttyUSB0 UDP conn=5010 port=40000 len=15 head=63630a000008006680808080000099
[AP->STA] /dev/ttyUSB0 UDP conn=6000 port=40000 len=7 head=63630100000000
[CMD] udp dst=40000 phone_src=6000 len=7 op=0x0001 head=63630100000000 (x1)
[AP->STA] /dev/ttyUSB0 UDP conn=5010 port=40000 len=15 head=63630a000008006680808080000099
[STA->AP] /dev/ttyUSB1 UDP conn=6000 port=40000 len=106 head=6363011d006300524144434c4f4650565f38333938313900000000000000000000000000000000000000000000000000
[AP->STA] /dev/ttyUSB0 UDP conn=5010 port=40000 len=15 head=63630a000008006680808080000099
[AP->STA] /dev/ttyUSB0 UDP conn=5010 port=40000 len=15 head=63630a000008006680808080000099
[AP->STA] /dev/ttyUSB0 UDP conn=5010 port=40000 len=15 head=63630a000008006680808080000099
[AP->STA] /dev/ttyUSB0 UDP conn=5010 port=40000 len=15 head=63630a000008006680803c8000bc99
[CMD] udp dst=40000 phone_src=5010 (previous repeated x9)
[CMD] udp dst=40000 phone_src=5010 len=15 op=0x000a head=63630a000008006680803c8000bc99
[AP->STA] /dev/ttyUSB0 UDP conn=5010 port=40000 len=15 head=63630a000008006680800280008299
[CMD] udp dst=40000 phone_src=5010 len=15 op=0x000a head=63630a000008006680800280008299
[AP->STA] /dev/ttyUSB0 UDP conn=5010 port=40000 len=15 head=63630a000008006680800180008199
[CMD] udp dst=40000 phone_src=5010 len=15 op=0x000a head=63630a000008006680800180008199
[AP->STA] /dev/ttyUSB0 UDP conn=5010 port=40000 len=15 head=63630a000008006680800080008099
[CMD] udp dst=40000 phone_src=5010 len=15 op=0x000a head=63630a000008006680800080008099
[AP->STA] /dev/ttyUSB0 UDP conn=5010 port=40000 len=15 head=63630a000008006680800080008099
[AP->STA] /dev/ttyUSB0 UDP conn=5010 port=40000 len=15 head=63630a000008006680800080008099
[AP->STA] /dev/ttyUSB0 UDP conn=5010 port=40000 len=15 head=63630a000008006680800180008199
[CMD] udp dst=40000 phone_src=5010 (previous repeated x3)
[CMD] udp dst=40000 phone_src=5010 len=15 op=0x000a head=63630a000008006680800180008199
[AP->STA] /dev/ttyUSB0 UDP conn=5010 port=40000 len=15 head=63630a000008006680808080000099
[CMD] udp dst=40000 phone_src=5010 len=15 op=0x000a head=63630a000008006680808080000099
[AP->STA] /dev/ttyUSB0 UDP conn=5010 port=40000 len=15 head=63630a000008006680808080000099
[AP->STA] /dev/ttyUSB0 UDP conn=5010 port=40000 len=15 head=63630a000008006680808080000099
[AP->STA] /dev/ttyUSB0 UDP conn=5010 port=40000 len=15 head=63630a000008006680808080000099
[AP->STA] /dev/ttyUSB0 UDP conn=5010 port=40000 len=15 head=63630a000008006680808080000099
[AP->STA] /dev/ttyUSB0 UDP conn=5010 port=40000 len=15 head=63630a000008006680808080000099
[AP->STA] /dev/ttyUSB0 UDP conn=5010 port=40000 len=15 head=63630a000008006680808080000099
[AP->STA] /dev/ttyUSB0 UDP conn=5010 port=40000 len=15 head=63630a000008006680808080000099
[AP->STA] /dev/ttyUSB0 UDP conn=5010 port=40000 len=15 head=63630a000008006680808080000099
[AP->STA] /dev/ttyUSB0 UDP conn=5010 port=40000 len=15 head=63630a000008006680808080000099
[AP->STA] /dev/ttyUSB0 UDP conn=5010 port=40000 len=15 head=63630a000008006680808080000099
[AP->STA] /dev/ttyUSB0 UDP conn=5010 port=40000 len=15 head=63630a000008006680808080000099
[AP->STA] /dev/ttyUSB0 UDP conn=6000 port=40000 len=7 head=63630100000000
[CMD] udp dst=40000 phone_src=6000 len=7 op=0x0001 head=63630100000000 (x1)
[AP->STA] /dev/ttyUSB0 UDP conn=5010 port=40000 len=15 head=63630a000008006680808080000099
[STA->AP] /dev/ttyUSB1 UDP conn=6000 port=40000 len=106 head=6363011e006300524144434c4f4650565f38333938313900000000000000000000000000000000000000000000000000
[TEL] udp src=40000 phone_dst=6000 len=106 cc_type=0x01 head=6363011e006300524144434c4f4650565f38333938313900
[AP->STA] /dev/ttyUSB0 UDP conn=5010 port=40000 len=15 head=63630a000008006680808080000099
[AP->STA] /dev/ttyUSB0 UDP conn=5010 port=40000 len=15 head=63630a000008006680808080000099
[AP->STA] /dev/ttyUSB0 UDP conn=5010 port=40000 len=15 head=63630a000008006680808080000099
[AP->STA] /dev/ttyUSB0 UDP conn=5010 port=40000 len=15 head=63630a000008006680808080000099
[AP->STA] /dev/ttyUSB0 UDP conn=5010 port=40000 len=15 head=63630a00000800668858808000d099
[CMD] udp dst=40000 phone_src=5010 (previous repeated x17)
[CMD] udp dst=40000 phone_src=5010 len=15 op=0x000a head=63630a00000800668858808000d099
[AP->STA] /dev/ttyUSB0 UDP conn=5010 port=40000 len=15 head=63630a00000800668958808000d199
[CMD] udp dst=40000 phone_src=5010 len=15 op=0x000a head=63630a00000800668958808000d199
[AP->STA] /dev/ttyUSB0 UDP conn=5010 port=40000 len=15 head=63630a00000800668b59808000d299
[CMD] udp dst=40000 phone_src=5010 len=15 op=0x000a head=63630a00000800668b59808000d299
[AP->STA] /dev/ttyUSB0 UDP conn=5010 port=40000 len=15 head=63630a00000800668b59808000d299
[AP->STA] /dev/ttyUSB0 UDP conn=5010 port=40000 len=15 head=63630a00000800668d5a808000d799
[CMD] udp dst=40000 phone_src=5010 (previous repeated x2)
[CMD] udp dst=40000 phone_src=5010 len=15 op=0x000a head=63630a00000800668d5a808000d799
[AP->STA] /dev/ttyUSB0 UDP conn=5010 port=40000 len=15 head=63630a00000800668d5a808000d799
[AP->STA] /dev/ttyUSB0 UDP conn=5010 port=40000 len=15 head=63630a00000800668d5a808000d799
[AP->STA] /dev/ttyUSB0 UDP conn=5010 port=40000 len=15 head=63630a00000800668d5a808000d799
[AP->STA] /dev/ttyUSB0 UDP conn=5010 port=40000 len=15 head=63630a00000800668d5a808000d799
[AP->STA] /dev/ttyUSB0 UDP conn=5010 port=40000 len=15 head=63630a000008006680808080000099
[CMD] udp dst=40000 phone_src=5010 (previous repeated x5)
[CMD] udp dst=40000 phone_src=5010 len=15 op=0x000a head=63630a000008006680808080000099
[AP->STA] /dev/ttyUSB0 UDP conn=5010 port=40000 len=15 head=63630a000008006680808080000099
[AP->STA] /dev/ttyUSB0 UDP conn=5010 port=40000 len=15 head=63630a000008006680808080000099
[AP->STA] /dev/ttyUSB0 UDP conn=5010 port=40000 len=15 head=63630a000008006680800080008099
[CMD] udp dst=40000 phone_src=5010 (previous repeated x3)
[CMD] udp dst=40000 phone_src=5010 len=15 op=0x000a head=63630a000008006680800080008099
[AP->STA] /dev/ttyUSB0 UDP conn=5010 port=40000 len=15 head=63630a000008006680800080008099
[AP->STA] /dev/ttyUSB0 UDP conn=5010 port=40000 len=15 head=63630a000008006680800080008099
[AP->STA] /dev/ttyUSB0 UDP conn=5010 port=40000 len=15 head=63630a000008006680800080008099
[AP->STA] /dev/ttyUSB0 UDP conn=5010 port=40000 len=15 head=63630a000008006680800080008099
[AP->STA] /dev/ttyUSB0 UDP conn=6000 port=40000 len=7 head=63630100000000
[CMD] udp dst=40000 phone_src=6000 len=7 op=0x0001 head=63630100000000 (x1)
[AP->STA] /dev/ttyUSB0 UDP conn=5010 port=40000 len=15 head=63630a000008006680800080008099
[AP->STA] /dev/ttyUSB0 UDP conn=5010 port=40000 len=15 head=63630a000008006680800080008099
[STA->AP] /dev/ttyUSB1 UDP conn=6000 port=40000 len=106 head=6363011f006300524144434c4f4650565f38333938313900000000000000000000000000000000000000000000000000
[TEL] udp src=40000 phone_dst=6000 len=106 cc_type=0x01 head=6363011f006300524144434c4f4650565f38333938313900
[AP->STA] /dev/ttyUSB0 UDP conn=5010 port=40000 len=15 head=63630a000008006680800080008099
[AP->STA] /dev/ttyUSB0 UDP conn=5010 port=40000 len=15 head=63630a000008006680800080008099
[AP->STA] /dev/ttyUSB0 UDP conn=5010 port=40000 len=15 head=63630a000008006680800080008099
[AP->STA] /dev/ttyUSB0 UDP conn=5010 port=40000 len=15 head=63630a000008006680800080008099
[CMD] udp dst=40000 phone_src=5010 (previous repeated x21)
[CMD] udp dst=40000 phone_src=5010 len=15 op=0x000a head=63630a000008006680808080000099
[CMD] udp dst=40000 phone_src=6000 len=7 op=0x0001 head=63630100000000 (x1)
[CMD] udp dst=40000 phone_src=5010 len=15 op=0x000a head=63630a000008006680808080000099 (x24)
[STA->AP] /dev/ttyUSB1 UDP conn=6000 port=40000 len=106 head=63630121006300524144434c4f4650565f38333938313900000000000000000000000000000000000000000000000000
[TEL] udp src=40000 phone_dst=6000 len=106 cc_type=0x01 head=63630121006300524144434c4f4650565f38333938313900
[CMD] udp dst=40000 phone_src=5010 len=15 op=0x000a head=63630a000008006680808080000099 (x23)
[CMD] udp dst=40000 phone_src=6000 len=7 op=0x0001 head=63630100000000 (x2)
[STA->AP] /dev/ttyUSB1 UDP conn=6000 port=40000 len=106 head=63630122006300524144434c4f4650565f38333938313900000000000000000000000000000000000000000000000000
[CMD] udp dst=40000 phone_src=5010 len=15 op=0x000a head=63630a000008006680808080000099 (x23)
[CMD] udp dst=40000 phone_src=5010 len=15 op=0x000a head=63630a000008006680805b8000db99
[CMD] udp dst=40000 phone_src=5010 len=15 op=0x000a head=63630a000008006680806e8000ee99
[CMD] udp dst=40000 phone_src=5010 len=15 op=0x000a head=63630a00000800668080778000f799
[CMD] udp dst=40000 phone_src=6000 len=7 op=0x0001 head=63630100000000 (x1)
[CMD] udp dst=40000 phone_src=5010 len=15 op=0x000a head=63630a00000800668080788000f899
[CMD] udp dst=40000 phone_src=5010 len=15 op=0x000a head=63630a000008006680808080000099
[STA->AP] /dev/ttyUSB1 UDP conn=6000 port=40000 len=106 head=63630123006300524144434c4f4650565f38333938313900000000000000000000000000000000000000000000000000
[TEL] udp src=40000 phone_dst=6000 len=106 cc_type=0x01 head=63630123006300524144434c4f4650565f38333938313900
[CMD] udp dst=40000 phone_src=5010 (previous repeated x5)
[CMD] udp dst=40000 phone_src=5010 len=15 op=0x000a head=63630a00000800668080498000c999
[CMD] udp dst=40000 phone_src=5010 len=15 op=0x000a head=63630a000008006680803a8000ba99
[CMD] udp dst=40000 phone_src=5010 len=15 op=0x000a head=63630a000008006680802c8000ac99
[CMD] udp dst=40000 phone_src=5010 len=15 op=0x000a head=63630a000008006680801580009599
[CMD] udp dst=40000 phone_src=5010 len=15 op=0x000a head=63630a000008006680800280008299
[CMD] udp dst=40000 phone_src=5010 len=15 op=0x000a head=63630a000008006680800180008199
[CMD] udp dst=40000 phone_src=5010 len=15 op=0x000a head=63630a000008006680808080000099
[STA->AP] /dev/ttyUSB1 UDP conn=6000 port=40000 len=106 head=63630124006300524144434c4f4650565f38333938313900000000000000000000000000000000000000000000000000
[CMD] udp dst=40000 phone_src=5010 len=15 op=0x000a head=63630a000008006680808080000099 (x24)
[CMD] udp dst=40000 phone_src=6000 len=7 op=0x0001 head=63630100000000 (x2)
[STA->AP] /dev/ttyUSB1 UDP conn=6000 port=40000 len=106 head=63630125006300524144434c4f4650565f38333938313900000000000000000000000000000000000000000000000000
[TEL] udp src=40000 phone_dst=6000 len=106 cc_type=0x01 head=63630125006300524144434c4f4650565f38333938313900
[CMD] udp dst=40000 phone_src=5010 len=15 op=0x000a head=63630a000008006680808080000099 (x23)
[STA->AP] /dev/ttyUSB1 UDP conn=6000 port=40000 len=106 head=63630126006300524144434c4f4650565f38333938313900000000000000000000000000000000000000000000000000
[CMD] udp dst=40000 phone_src=5010 len=15 op=0x000a head=63630a000008006680808080000099 (x23)
[CMD] udp dst=40000 phone_src=6000 len=7 op=0x0001 head=63630100000000 (x2)
[STA->AP] /dev/ttyUSB1 UDP conn=6000 port=40000 len=106 head=63630127006300524144434c4f4650565f38333938313900000000000000000000000000000000000000000000000000
[TEL] udp src=40000 phone_dst=6000 len=106 cc_type=0x01 head=63630127006300524144434c4f4650565f38333938313900
[CMD] udp dst=40000 phone_src=5010 len=15 op=0x000a head=63630a000008006680808080000099 (x23)
[CMD] udp dst=40000 phone_src=6000 len=7 op=0x0001 head=63630100000000 (x1)
[STA->AP] /dev/ttyUSB1 UDP conn=6000 port=40000 len=106 head=63630128006300524144434c4f4650565f38333938313900000000000000000000000000000000000000000000000000
[TEL] udp src=40000 phone_dst=6000 len=106 cc_type=0x01 head=63630128006300524144434c4f4650565f38333938313900
[CMD] udp dst=40000 phone_src=5010 len=15 op=0x000a head=63630a000008006680808080000099 (x23)
[CMD] udp dst=40000 phone_src=6000 len=7 op=0x0001 head=63630100000000 (x1)
[STA->AP] /dev/ttyUSB1 UDP conn=6000 port=40000 len=106 head=63630129006300524144434c4f4650565f38333938313900000000000000000000000000000000000000000000000000
[CMD] udp dst=40000 phone_src=5010 len=15 op=0x000a head=63630a000008006680808080000099 (x23)
[CMD] udp dst=40000 phone_src=6000 len=7 op=0x0001 head=63630100000000 (x1)
[STA->AP] /dev/ttyUSB1 UDP conn=6000 port=40000 len=106 head=6363012a006300524144434c4f4650565f38333938313900000000000000000000000000000000000000000000000000
[TEL] udp src=40000 phone_dst=6000 len=106 cc_type=0x01 head=6363012a006300524144434c4f4650565f38333938313900
[CMD] udp dst=40000 phone_src=5010 len=15 op=0x000a head=63630a000008006680808080000099 (x23)
[CMD] udp dst=40000 phone_src=6000 len=7 op=0x0001 head=63630100000000 (x1)
[STA->AP] /dev/ttyUSB1 UDP conn=6000 port=40000 len=106 head=6363012b006300524144434c4f4650565f38333938313900000000000000000000000000000000000000000000000000
[CMD] udp dst=40000 phone_src=5010 len=15 op=0x000a head=63630a000008006680808080000099 (x23)
