bridge: ap=/dev/ttyUSB0 sta=/dev/ttyUSB1 baud=921600 logdir=logs capture=logs/capture_1771148312.sf.bin
bridge: roles ap_role=AP sta_role=STA
bridge: proto_log=logs/proto_1771148312.jsonl
[CMD] udp dst=40000 phone_src=6000 len=7 op=0x0001 head=63630100000000
[STA->AP] /dev/ttyUSB1 LOG: udp: drop_video from=192.168.0.1:7070 -> local=6000 len=1454 (not forwarded over serial)
[STA->AP] /dev/ttyUSB1 LOG: udp: first_rx_from_drone(nonvideo) from=192.168.0.1:40000 -> local=6000 len=106
[TEL] udp src=40000 phone_dst=6000 len=106 cc_type=0x01 head=63630109006300524144434c4f4650565f38333938313900
[CMD] udp dst=40000 phone_src=5010 len=15 op=0x000a head=63630a000008006680808080000099
[TEL] udp src=40000 phone_dst=6000 len=106 cc_type=0x01 head=6363010b006300524144434c4f4650565f38333938313900
[AP->STA] /dev/ttyUSB0 LOG: wifi: AP_START
[AP->STA] /dev/ttyUSB0 LOG: AP up: ssid=RADCLOFPV_676767 ip=192.168.0.1
[AP->STA] /dev/ttyUSB0 LOG: wifi: STA_CONNECTED mac=5a:9f:06:94:44:e9 aid=1 stations=1
[AP->STA] /dev/ttyUSB0 LOG: udp: first_rx from=192.168.0.2:6000 -> 40000 len=7
[TEL] udp src=40000 phone_dst=6000 len=106 cc_type=0x01 head=6363010c006300524144434c4f4650565f38333938313900
[AP->STA] /dev/ttyUSB0 LOG: udp: first_tx to=192.168.0.2:6000 src=40000 len=106
[TEL] udp src=40000 phone_dst=6000 len=106 cc_type=0x01 head=6363010e006300524144434c4f4650565f38333938313900
[CMD] udp dst=40000 phone_src=5010 len=15 op=0x000a head=63630a00000800668080da6d00b799
[CMD] udp dst=40000 phone_src=5010 len=15 op=0x000a head=63630a00000800668080fa80007a99
[CMD] udp dst=40000 phone_src=5010 len=15 op=0x000a head=63630a000008006680808080000099
[CMD] udp dst=40000 phone_src=5010 len=15 op=0x000a head=63630a00000800668080d17a00ab99
[CMD] udp dst=40000 phone_src=5010 len=15 op=0x000a head=63630a00000800668080f675008399
[CMD] udp dst=40000 phone_src=5010 len=15 op=0x000a head=63630a000008006680808080000099
[TEL] udp src=40000 phone_dst=6000 len=106 cc_type=0x01 head=63630110006300524144434c4f4650565f38333938313900
[CMD] udp dst=40000 phone_src=5010 len=15 op=0x000a head=63630a000008006680807d79000499
[CMD] udp dst=40000 phone_src=5010 len=15 op=0x000a head=63630a000008006680803a6a005099
[CMD] udp dst=40000 phone_src=5010 len=15 op=0x000a head=63630a00000800668080105f004f99
[CMD] udp dst=40000 phone_src=5010 len=15 op=0x000a head=63630a000008006680808080000099
[CMD] udp dst=40000 phone_src=5010 len=15 op=0x000a head=63630a000008006680807f6f001099
[CMD] udp dst=40000 phone_src=5010 len=15 op=0x000a head=63630a000008006680804161002099
[CMD] udp dst=40000 phone_src=5010 len=15 op=0x000a head=63630a000008006680801359004a99
[CMD] udp dst=40000 phone_src=5010 len=15 op=0x000a head=63630a000008006680800f61006e99
[CMD] udp dst=40000 phone_src=5010 len=15 op=0x000a head=63630a000008006680800d67006a99
[CMD] udp dst=40000 phone_src=5010 len=15 op=0x000a head=63630a000008006680800c6a006699
[CMD] udp dst=40000 phone_src=5010 len=15 op=0x000a head=63630a000008006680800c6c006099
[CMD] udp dst=40000 phone_src=5010 len=15 op=0x000a head=63630a000008006680800b6d006699
[CMD] udp dst=40000 phone_src=5010 len=15 op=0x000a head=63630a000008006680808080000099
[TEL] udp src=40000 phone_dst=6000 len=106 cc_type=0x01 head=63630112006300524144434c4f4650565f38333938313900
[CMD] udp dst=40000 phone_src=5010 len=15 op=0x000a head=63630a00000800668080125a004899
[CMD] udp dst=40000 phone_src=5010 len=15 op=0x000a head=63630a00000800668080115f004e99
[CMD] udp dst=40000 phone_src=5010 len=15 op=0x000a head=63630a000008006680808080000099
[TEL] udp src=40000 phone_dst=6000 len=106 cc_type=0x01 head=63630113006300524144434c4f4650565f38333938313900
[CMD] udp dst=40000 phone_src=5010 len=15 op=0x000a head=63630a00000800668080d25e008c99
[CMD] udp dst=40000 phone_src=5010 len=15 op=0x000a head=63630a000008006680808080000099
[CMD] udp dst=40000 phone_src=5010 len=15 op=0x000a head=63630a000008006680802269004b99
[CMD] udp dst=40000 phone_src=5010 len=15 op=0x000a head=63630a000008006680800975007c99
[CMD] udp dst=40000 phone_src=5010 len=15 op=0x000a head=63630a000008006680808080000099
[CMD] udp dst=40000 phone_src=5010 len=15 op=0x000a head=63630a000008006680801980009999
[CMD] udp dst=40000 phone_src=5010 len=15 op=0x000a head=63630a000008006680800080008099
[CMD] udp dst=40000 phone_src=5010 len=15 op=0x000a head=63630a000008006680808080000099
[TEL] udp src=40000 phone_dst=6000 len=106 cc_type=0x01 head=63630115006300524144434c4f4650565f38333938313900
[TEL] udp src=40000 phone_dst=6000 len=106 cc_type=0x01 head=63630117006300524144434c4f4650565f38333938313900
