bridge: ap=/dev/ttyUSB0 sta=/dev/ttyUSB1 baud=921600 logdir=logs capture=logs/capture_1771149248.sf.bin
bridge: roles ap_role=AP sta_role=STA
bridge: proto_log=logs/proto_1771149248.jsonl
[AP->STA] /dev/ttyUSB0 LOG: tcp: accept port=8060 from=192.168.0.2:59305 conn=8060
[AP->STA] /dev/ttyUSB0 TCP_DATA conn=8060 port=8060 len=54 head=6c657765695f636d6400040000000000000000000000080000000000000000000000000000000000000000000000c1b6
[STA->AP] /dev/ttyUSB1 LOG: tcp: open_req conn=8060 port=8060 wifi_status=3 rssi=-48 ip=192.168.0.2 gw=192.168.0.1 drone_ip=192.168.0.1
[AP->STA] /dev/ttyUSB0 UDP conn=6000 port=40000 len=7 head=63630100000000
[CMD t=1.885] udp dst=40000 phone_src=6000 len=7 op=0x0001 head=63630100000000
[AP->STA] /dev/ttyUSB0 TCP_DATA conn=7060 port=7060 len=46 head=6c657765695f636d6400010000000000000000000000000000000000000000000000000000000000000000000000
[AP->STA] /dev/ttyUSB0 UDP conn=6000 port=40000 len=7 head=63630100000000
[CMD t=2.887] udp dst=40000 phone_src=6000 len=7 op=0x0001 head=63630100000000 (x2)
[STATS AP->STA] dt=1.36s dst=40000 src=6000 len=7 op=0x0001 1.5Hz
[AP->STA] /dev/ttyUSB0 TCP_DATA conn=7060 port=7060 len=46 head=6c657765695f636d6400010000000000000000000000000000000000000000000000000000000000000000000000
[AP->STA] /dev/ttyUSB0 UDP conn=6000 port=40000 len=7 head=63630100000000
[CMD t=4.090] udp dst=40000 phone_src=6000 len=7 op=0x0001 head=63630100000000 (x1)
[STATS AP->STA] dt=1.20s dst=40000 src=6000 len=7 op=0x0001 0.8Hz
[AP->STA] /dev/ttyUSB0 TCP_DATA conn=7060 port=7060 len=46 head=6c657765695f636d6400010000000000000000000000000000000000000000000000000000000000000000000000
[AP->STA] /dev/ttyUSB0 UDP conn=6000 port=40000 len=7 head=63630100000000
[AP->STA] /dev/ttyUSB0 TCP_DATA conn=7060 port=7060 len=46 head=6c657765695f636d6400010000000000000000000000000000000000000000000000000000000000000000000000
[AP->STA] /dev/ttyUSB0 UDP conn=6000 port=40000 len=7 head=63630100000000
[CMD t=5.905] udp dst=40000 phone_src=6000 len=7 op=0x0001 head=63630100000000 (x2)
[STATS AP->STA] dt=1.81s dst=40000 src=6000 len=7 op=0x0001 1.1Hz
[AP->STA] /dev/ttyUSB0 TCP_DATA conn=7060 port=7060 len=46 head=6c657765695f636d6400010000000000000000000000000000000000000000000000000000000000000000000000
[AP->STA] /dev/ttyUSB0 UDP conn=6000 port=40000 len=7 head=63630100000000
[CMD t=6.918] udp dst=40000 phone_src=6000 len=7 op=0x0001 head=63630100000000 (x1)
[STATS AP->STA] dt=1.01s dst=40000 src=6000 len=7 op=0x0001 1.0Hz
[AP->STA] /dev/ttyUSB0 TCP_DATA conn=7060 port=7060 len=46 head=6c657765695f636d6400010000000000000000000000000000000000000000000000000000000000000000000000
[AP->STA] /dev/ttyUSB0 UDP conn=6000 port=40000 len=7 head=63630100000000
[CMD t=7.925] udp dst=40000 phone_src=6000 len=7 op=0x0001 head=63630100000000 (x1)
[STATS AP->STA] dt=1.01s dst=40000 src=6000 len=7 op=0x0001 1.0Hz
[AP->STA] /dev/ttyUSB0 TCP_DATA conn=7060 port=7060 len=46 head=6c657765695f636d6400010000000000000000000000000000000000000000000000000000000000000000000000
[AP->STA] /dev/ttyUSB0 UDP conn=6000 port=40000 len=7 head=63630100000000
[CMD t=8.937] udp dst=40000 phone_src=6000 len=7 op=0x0001 head=63630100000000 (x1)
[STATS AP->STA] dt=1.01s dst=40000 src=6000 len=7 op=0x0001 1.0Hz
[AP->STA] /dev/ttyUSB0 TCP_DATA conn=7060 port=7060 len=46 head=6c657765695f636d6400010000000000000000000000000000000000000000000000000000000000000000000000
[STA->AP] /dev/ttyUSB1 LOG: tcp: connect_spawn conn=7060 port=7060 rc=1
[AP->STA] /dev/ttyUSB0 LOG: tcp: accept port=7060 from=192.168.0.2:59306 conn=7060
[AP->STA] /dev/ttyUSB0 TCP_DATA conn=7060 port=7060 len=46 head=6c657765695f636d6400020000000100000000000000000000000000000000000000000000000000000000000000
[STA->AP] /dev/ttyUSB1 LOG: tcp: open_req conn=7060 port=7060 wifi_status=3 rssi=-49 ip=192.168.0.2 gw=192.168.0.1 drone_ip=192.168.0.1
[STA->AP] /dev/ttyUSB1 LOG: tcp: connect_spawn conn=7060 port=7060 rc=1
[AP->STA] /dev/ttyUSB0 LOG: tcp: accept port=8060 from=192.168.0.2:59307 conn=8060
[AP->STA] /dev/ttyUSB0 TCP_DATA conn=8060 port=8060 len=54 head=6c657765695f636d6400040000000000000000000000080000000000000000000000000000000000000000000000c9b6
[STA->AP] /dev/ttyUSB1 LOG: tcp: open_req conn=8060 port=8060 wifi_status=3 rssi=-49 ip=192.168.0.2 gw=192.168.0.1 drone_ip=192.168.0.1
[STA->AP] /dev/ttyUSB1 LOG: tcp: connect_spawn conn=8060 port=8060 rc=1
[AP->STA] /dev/ttyUSB0 UDP conn=6000 port=40000 len=7 head=63630100000000
[CMD t=9.943] udp dst=40000 phone_src=6000 len=7 op=0x0001 head=63630100000000 (x1)
[STATS AP->STA] dt=1.01s dst=40000 src=6000 len=7 op=0x0001 1.0Hz
[AP->STA] /dev/ttyUSB0 TCP_DATA conn=7060 port=7060 len=46 head=6c657765695f636d6400010000000000000000000000000000000000000000000000000000000000000000000000
[STA->AP] /dev/ttyUSB1 LOG: udp: drop_video from=192.168.0.1:7070 -> local=6000 len=1454 (not forwarded over serial)
[AP->STA] /dev/ttyUSB0 UDP conn=6000 port=40000 len=7 head=63630100000000
[CMD t=10.957] udp dst=40000 phone_src=6000 len=7 op=0x0001 head=63630100000000 (x1)
[STATS AP->STA] dt=1.01s dst=40000 src=6000 len=7 op=0x0001 1.0Hz
[AP->STA] /dev/ttyUSB0 TCP_DATA conn=7060 port=7060 len=46 head=6c657765695f636d6400010000000000000000000000000000000000000000000000000000000000000000000000
[STA->AP] /dev/ttyUSB1 LOG: udp: first_rx_from_drone(nonvideo) from=192.168.0.1:40000 -> local=6000 len=106
[STA->AP] /dev/ttyUSB1 UDP conn=6000 port=40000 len=106 head=63630115006300524144434c4f4650565f38333938313900000000000000000000000000000000000000000000000000
[TEL t=10.975] udp src=40000 phone_dst=6000 len=106 cc_type=0x01 seq=0x15 head=63630115006300524144434c4f4650565f383339383139000000000000000000000000000000000000000000000000000000000000000000000000000000000000000000000000010000000000310000
[STATS STA->AP] dt=9.45s src=40000 dst=6000 len=106 0.1Hz
[AP->STA] /dev/ttyUSB0 LOG: udp: first_tx to=192.168.0.2:6000 src=40000 len=106
[AP->STA] /dev/ttyUSB0 UDP conn=5010 port=40000 len=15 head=63630a000008006680808080000099
[CMD t=11.028] udp dst=40000 phone_src=5010 len=15 op=0x000a head=63630a000008006680808080000099 axes=80,80,80,80 d=+0,+0,+0,+0 flags=0x00 csum_ok=1
[AP->STA] /dev/ttyUSB0 UDP conn=5010 port=40000 len=15 head=63630a000008006680808080000099
[AP->STA] /dev/ttyUSB0 UDP conn=5010 port=40000 len=15 head=63630a000008006680808080000099
[AP->STA] /dev/ttyUSB0 UDP conn=5010 port=40000 len=15 head=63630a00000800666d788080001599
[CMD t=11.184] udp dst=40000 phone_src=5010 (previous repeated x3)
[CMD t=11.184] udp dst=40000 phone_src=5010 len=15 op=0x000a head=63630a00000800666d788080001599 axes=6d,78,80,80 d=-19,-8,+0,+0 flags=0x00 csum_ok=1
[AP->STA] /dev/ttyUSB0 UDP conn=5010 port=40000 len=15 head=63630a00000800665c81808000dd99
[CMD t=11.205] udp dst=40000 phone_src=5010 len=15 op=0x000a head=63630a00000800665c81808000dd99 axes=5c,81,80,80 d=-36,+1,+0,+0 flags=0x00 csum_ok=1
[AP->STA] /dev/ttyUSB0 UDP conn=5010 port=40000 len=15 head=63630a00000800665888808000d099
[CMD t=11.255] udp dst=40000 phone_src=5010 len=15 op=0x000a head=63630a00000800665888808000d099 axes=58,88,80,80 d=-40,+8,+0,+0 flags=0x00 csum_ok=1
[AP->STA] /dev/ttyUSB0 UDP conn=5010 port=40000 len=15 head=63630a00000800665a8d808000d799
[CMD t=11.292] udp dst=40000 phone_src=5010 len=15 op=0x000a head=63630a00000800665a8d808000d799 axes=5a,8d,80,80 d=-38,+13,+0,+0 flags=0x00 csum_ok=1
[AP->STA] /dev/ttyUSB0 UDP conn=5010 port=40000 len=15 head=63630a00000800665a8d808000d799
[AP->STA] /dev/ttyUSB0 UDP conn=5010 port=40000 len=15 head=63630a00000800665a8d808000d799
[AP->STA] /dev/ttyUSB0 UDP conn=5010 port=40000 len=15 head=63630a00000800665b90808000cb99
[CMD t=11.426] udp dst=40000 phone_src=5010 (previous repeated x3)
[CMD t=11.426] udp dst=40000 phone_src=5010 len=15 op=0x000a head=63630a00000800665b90808000cb99 axes=5b,90,80,80 d=-37,+16,+0,+0 flags=0x00 csum_ok=1
[AP->STA] /dev/ttyUSB0 UDP conn=5010 port=40000 len=15 head=63630a000008006680808080000099
[CMD t=11.486] udp dst=40000 phone_src=5010 len=15 op=0x000a head=63630a000008006680808080000099 axes=80,80,80,80 d=+0,+0,+0,+0 flags=0x00 csum_ok=1
[AP->STA] /dev/ttyUSB0 UDP conn=5010 port=40000 len=15 head=63630a000008006680808080000099
[AP->STA] /dev/ttyUSB0 UDP conn=5010 port=40000 len=15 head=63630a00000800668080c06d00ad99
[CMD t=11.568] udp dst=40000 phone_src=5010 (previous repeated x2)
[CMD t=11.568] udp dst=40000 phone_src=5010 len=15 op=0x000a head=63630a00000800668080c06d00ad99 axes=80,80,c0,6d d=+0,+0,+64,-19 flags=0x00 csum_ok=1
[AP->STA] /dev/ttyUSB0 UDP conn=5010 port=40000 len=15 head=63630a00000800668080df3e00e199
[CMD t=11.620] udp dst=40000 phone_src=5010 len=15 op=0x000a head=63630a00000800668080df3e00e199 axes=80,80,df,3e d=+0,+0,+95,-66 flags=0x00 csum_ok=1
[AP->STA] /dev/ttyUSB0 UDP conn=5010 port=40000 len=15 head=63630a00000800668080e64b00ad99
[CMD t=11.648] udp dst=40000 phone_src=5010 len=15 op=0x000a head=63630a00000800668080e64b00ad99 axes=80,80,e6,4b d=+0,+0,+102,-53 flags=0x00 csum_ok=1
[AP->STA] /dev/ttyUSB0 UDP conn=5010 port=40000 len=15 head=63630a00000800668080e84e00a699
[CMD t=11.694] udp dst=40000 phone_src=5010 len=15 op=0x000a head=63630a00000800668080e84e00a699 axes=80,80,e8,4e d=+0,+0,+104,-50 flags=0x00 csum_ok=1
[AP->STA] /dev/ttyUSB0 UDP conn=5010 port=40000 len=15 head=63630a000008006680808080000099
[CMD t=11.784] udp dst=40000 phone_src=5010 len=15 op=0x000a head=63630a000008006680808080000099 axes=80,80,80,80 d=+0,+0,+0,+0 flags=0x00 csum_ok=1
[AP->STA] /dev/ttyUSB0 UDP conn=5010 port=40000 len=15 head=63630a000008006680808080000099
[AP->STA] /dev/ttyUSB0 UDP conn=5010 port=40000 len=15 head=63630a000008006680808080000099
[AP->STA] /dev/ttyUSB0 UDP conn=5010 port=40000 len=15 head=63630a000008006680808080000099
[AP->STA] /dev/ttyUSB0 UDP conn=5010 port=40000 len=15 head=63630a000008006680808080000099
[AP->STA] /dev/ttyUSB0 UDP conn=6000 port=40000 len=7 head=63630100000000
[CMD t=11.965] udp dst=40000 phone_src=6000 len=7 op=0x0001 head=63630100000000 (x1)
[STATS AP->STA] dt=1.01s dst=40000 src=5010 len=15 op=0x000a 20.8Hz | dst=40000 src=6000 len=7 op=0x0001 1.0Hz
[AP->STA] /dev/ttyUSB0 UDP conn=5010 port=40000 len=15 head=63630a000008006680808080000099
[AP->STA] /dev/ttyUSB0 TCP_DATA conn=7060 port=7060 len=46 head=6c657765695f636d6400010000000000000000000000000000000000000000000000000000000000000000000000
[STA->AP] /dev/ttyUSB1 UDP conn=6000 port=40000 len=106 head=63630116006300524144434c4f4650565f38333938313900000000000000000000000000000000000000000000000000
[TEL t=12.011] udp src=40000 phone_dst=6000 len=106 cc_type=0x01 seq=0x16 head=63630116006300524144434c4f4650565f383339383139000000000000000000000000000000000000000000000000000000000000000000000000000000000000000000000000010000000000310000
[STATS STA->AP] dt=1.04s src=40000 dst=6000 len=106 1.0Hz
[AP->STA] /dev/ttyUSB0 UDP conn=5010 port=40000 len=15 head=63630a000008006680808080000099
[AP->STA] /dev/ttyUSB0 UDP conn=5010 port=40000 len=15 head=63630a000008006680808080000099
[AP->STA] /dev/ttyUSB0 UDP conn=5010 port=40000 len=15 head=63630a00000800668080a580002599
[CMD t=12.116] udp dst=40000 phone_src=5010 (previous repeated x8)
[CMD t=12.116] udp dst=40000 phone_src=5010 len=15 op=0x000a head=63630a00000800668080a580002599 axes=80,80,a5,80 d=+0,+0,+37,+0 flags=0x00 csum_ok=1
[AP->STA] /dev/ttyUSB0 UDP conn=5010 port=40000 len=15 head=63630a00000800668080698000e999
[CMD t=12.147] udp dst=40000 phone_src=5010 len=15 op=0x000a head=63630a00000800668080698000e999 axes=80,80,69,80 d=+0,+0,-23,+0 flags=0x00 csum_ok=1
[AP->STA] /dev/ttyUSB0 UDP conn=5010 port=40000 len=15 head=63630a000008006680800d80008d99
[CMD t=12.182] udp dst=40000 phone_src=5010 len=15 op=0x000a head=63630a000008006680800d80008d99 axes=80,80,0d,80 d=+0,+0,-115,+0 flags=0x00 csum_ok=1
[AP->STA] /dev/ttyUSB0 UDP conn=5010 port=40000 len=15 head=63630a000008006680800180008199
[CMD t=12.238] udp dst=40000 phone_src=5010 len=15 op=0x000a head=63630a000008006680800180008199 axes=80,80,01,80 d=+0,+0,-127,+0 flags=0x00 csum_ok=1
[AP->STA] /dev/ttyUSB0 UDP conn=5010 port=40000 len=15 head=63630a000008006680808080000099
[CMD t=12.278] udp dst=40000 phone_src=5010 len=15 op=0x000a head=63630a000008006680808080000099 axes=80,80,80,80 d=+0,+0,+0,+0 flags=0x00 csum_ok=1
[AP->STA] /dev/ttyUSB0 UDP conn=5010 port=40000 len=15 head=63630a000008006680808080000099
[AP->STA] /dev/ttyUSB0 UDP conn=5010 port=40000 len=15 head=63630a000008006680808080000099
[AP->STA] /dev/ttyUSB0 UDP conn=5010 port=40000 len=15 head=63630a000008006680808080000099
[AP->STA] /dev/ttyUSB0 UDP conn=5010 port=40000 len=15 head=63630a000008006680808080000099
[AP->STA] /dev/ttyUSB0 UDP conn=5010 port=40000 len=15 head=63630a000008006680808080000099
[AP->STA] /dev/ttyUSB0 UDP conn=5010 port=40000 len=15 head=63630a000008006680808080000099
[STA->AP] /dev/ttyUSB1 LOG: tcp: open_fail conn=8060 port=8060 dt=2801ms bind_mode=0 bind_ok=1 local=8060 errno=104 err=Connection reset by peer
[AP->STA] /dev/ttyUSB0 LOG: tcp: open_fail conn=8060 port=8060 (keeping phone tcp open)
[STA->AP] /dev/ttyUSB1 LOG: tcp: open_fail conn=7060 port=7060 dt=2825ms bind_mode=0 bind_ok=1 local=7060 errno=104 err=Connection reset by peer
[AP->STA] /dev/ttyUSB0 LOG: tcp: open_fail conn=7060 port=7060 (keeping phone tcp open)
[AP->STA] /dev/ttyUSB0 UDP conn=5010 port=40000 len=15 head=63630a00000800668080528000d299
[CMD t=12.621] udp dst=40000 phone_src=5010 (previous repeated x7)
[CMD t=12.621] udp dst=40000 phone_src=5010 len=15 op=0x000a head=63630a00000800668080528000d299 axes=80,80,52,80 d=+0,+0,-46,+0 flags=0x00 csum_ok=1
[AP->STA] /dev/ttyUSB0 UDP conn=5010 port=40000 len=15 head=63630a000008006680800080008099
[CMD t=12.626] udp dst=40000 phone_src=5010 len=15 op=0x000a head=63630a000008006680800080008099 axes=80,80,00,80 d=+0,+0,-128,+0 flags=0x00 csum_ok=1
[AP->STA] /dev/ttyUSB0 UDP conn=5010 port=40000 len=15 head=63630a000008006680800080008099
[AP->STA] /dev/ttyUSB0 UDP conn=5010 port=40000 len=15 head=63630a000008006680800080008099
[AP->STA] /dev/ttyUSB0 UDP conn=5010 port=40000 len=15 head=63630a000008006680800080008099
[AP->STA] /dev/ttyUSB0 UDP conn=5010 port=40000 len=15 head=63630a000008006680800080008099
[AP->STA] /dev/ttyUSB0 UDP conn=5010 port=40000 len=15 head=63630a000008006680800080008099
[AP->STA] /dev/ttyUSB0 UDP conn=5010 port=40000 len=15 head=63630a000008006680800080008099
[AP->STA] /dev/ttyUSB0 UDP conn=5010 port=40000 len=15 head=63630a000008006680800080008099
[STATS AP->STA] dt=1.02s dst=40000 src=5010 len=15 op=0x000a 22.6Hz
[AP->STA] /dev/ttyUSB0 TCP_DATA conn=7060 port=7060 len=46 head=6c657765695f636d6400010000000000000000000000000000000000000000000000000000000000000000000000
[AP->STA] /dev/ttyUSB0 UDP conn=6000 port=40000 len=7 head=63630100000000
[CMD t=12.985] udp dst=40000 phone_src=6000 len=7 op=0x0001 head=63630100000000 (x1)
[STA->AP] /dev/ttyUSB1 LOG: tcp: connect_spawn conn=8060 port=8060 rc=1
[STA->AP] /dev/ttyUSB1 LOG: tcp: connect_spawn conn=7060 port=7060 rc=1
[STA->AP] /dev/ttyUSB1 LOG: tcp: open_fail conn=7060 port=7060 dt=3ms bind_mode=0 bind_ok=1 local=7060 errno=104 err=Connection reset by peer
[STA->AP] /dev/ttyUSB1 LOG: tcp: open_fail conn=8060 port=8060 dt=14ms bind_mode=0 bind_ok=1 local=8060 errno=104 err=Connection reset by peer
[AP->STA] /dev/ttyUSB0 LOG: tcp: open_fail conn=7060 port=7060 (keeping phone tcp open)
[AP->STA] /dev/ttyUSB0 LOG: tcp: open_fail conn=8060 port=8060 (keeping phone tcp open)
[AP->STA] /dev/ttyUSB0 UDP conn=5010 port=40000 len=15 head=63630a000008006680800080008099
[AP->STA] /dev/ttyUSB0 UDP conn=5010 port=40000 len=15 head=63630a000008006680800080008099
[AP->STA] /dev/ttyUSB0 UDP conn=5010 port=40000 len=15 head=63630a000008006680808080000099
[CMD t=13.206] udp dst=40000 phone_src=5010 (previous repeated x10)
[CMD t=13.206] udp dst=40000 phone_src=5010 len=15 op=0x000a head=63630a000008006680808080000099 axes=80,80,80,80 d=+0,+0,+0,+0 flags=0x00 csum_ok=1
[AP->STA] /dev/ttyUSB0 UDP conn=5010 port=40000 len=15 head=63630a000008006680808080000099
[AP->STA] /dev/ttyUSB0 UDP conn=5010 port=40000 len=15 head=63630a000008006680808080000099
[AP->STA] /dev/ttyUSB0 UDP conn=5010 port=40000 len=15 head=63630a000008006680808080000099
[AP->STA] /dev/ttyUSB0 UDP conn=5010 port=40000 len=15 head=63630a000008006680808080000099
[AP->STA] /dev/ttyUSB0 UDP conn=5010 port=40000 len=15 head=63630a000008006680808080000099
[AP->STA] /dev/ttyUSB0 UDP conn=5010 port=40000 len=15 head=63630a000008006680808080000099
[AP->STA] /dev/ttyUSB0 UDP conn=5010 port=40000 len=15 head=63630a000008006680808080000099
[AP->STA] /dev/ttyUSB0 UDP conn=5010 port=40000 len=15 head=63630a000008006680808080000099
[AP->STA] /dev/ttyUSB0 UDP conn=5010 port=40000 len=15 head=63630a000008006680808080000099
[STA->AP] /dev/ttyUSB1 UDP conn=6000 port=40000 len=106 head=63630117006300524144434c4f4650565f38333938313900000000000000000000000000000000000000000000000000
[TEL t=13.541] udp src=40000 phone_dst=6000 len=106 cc_type=0x01 seq=0x17 head=63630117006300524144434c4f4650565f383339383139000000000000000000000000000000000000000000000000000000000000000000000000000000000000000000000000010000000000310000
[STATS STA->AP] dt=1.53s src=40000 dst=6000 len=106 0.7Hz
[AP->STA] /dev/ttyUSB0 UDP conn=5010 port=40000 len=15 head=63630a000008006680808080000099
[AP->STA] /dev/ttyUSB0 UDP conn=5010 port=40000 len=15 head=63630a000008006680808080000099
[AP->STA] /dev/ttyUSB0 UDP conn=5010 port=40000 len=15 head=63630a000008006680808080000099
[AP->STA] /dev/ttyUSB0 UDP conn=5010 port=40000 len=15 head=63630a000008006680808080000099
[AP->STA] /dev/ttyUSB0 UDP conn=5010 port=40000 len=15 head=63630a000008006680808080000099
[AP->STA] /dev/ttyUSB0 UDP conn=5010 port=40000 len=15 head=63630a000008006680808080000099
[AP->STA] /dev/ttyUSB0 UDP conn=5010 port=40000 len=15 head=63630a000008006680808080000099
[AP->STA] /dev/ttyUSB0 LOG: tcp: accept port=8060 from=192.168.0.2:59308 conn=8060
[AP->STA] /dev/ttyUSB0 TCP_DATA conn=8060 port=8060 len=54 head=6c657765695f636d6400040000000000000000000000080000000000000000000000000000000000000000000000cdb6
[AP->STA] /dev/ttyUSB0 UDP conn=5010 port=40000 len=15 head=63630a000008006680808080000099
[AP->STA] /dev/ttyUSB0 UDP conn=5010 port=40000 len=15 head=63630a000008006680808080000099
[AP->STA] /dev/ttyUSB0 UDP conn=5010 port=40000 len=15 head=63630a000008006680808080000099
[STA->AP] /dev/ttyUSB1 LOG: tcp: open_req conn=8060 port=8060 wifi_status=3 rssi=-52 ip=192.168.0.2 gw=192.168.0.1 drone_ip=192.168.0.1
[STA->AP] /dev/ttyUSB1 LOG: tcp: connect_spawn conn=8060 port=8060 rc=1
[STA->AP] /dev/ttyUSB1 LOG: tcp: open_fail conn=8060 port=8060 dt=24ms bind_mode=0 bind_ok=1 local=8060 errno=104 err=Connection reset by peer
[AP->STA] /dev/ttyUSB0 LOG: tcp: open_fail conn=8060 port=8060 (keeping phone tcp open)
[AP->STA] /dev/ttyUSB0 UDP conn=6000 port=40000 len=7 head=63630100000000
[CMD t=13.992] udp dst=40000 phone_src=6000 len=7 op=0x0001 head=63630100000000 (x1)
[STATS AP->STA] dt=1.01s dst=40000 src=5010 len=15 op=0x000a 21.8Hz | dst=40000 src=6000 len=7 op=0x0001 2.0Hz
[AP->STA] /dev/ttyUSB0 TCP_DATA conn=7060 port=7060 len=46 head=6c657765695f636d6400010000000000000000000000000000000000000000000000000000000000000000000000
[AP->STA] /dev/ttyUSB0 UDP conn=5010 port=40000 len=15 head=63630a000008006680808080000099
[STA->AP] /dev/ttyUSB1 UDP conn=6000 port=40000 len=106 head=63630118006300524144434c4f4650565f38333938313900000000000000000000000000000000000000000000000000
[TEL t=14.048] udp src=40000 phone_dst=6000 len=106 cc_type=0x01 seq=0x18 head=63630118006300524144434c4f4650565f383339383139000000000000000000000000000000000000000000000000000000000000000000000000000000000000000000000000010000000000310000
[STA->AP] /dev/ttyUSB1 LOG: tcp: connect_spawn conn=7060 port=7060 rc=1
[AP->STA] /dev/ttyUSB0 UDP conn=5010 port=40000 len=15 head=63630a000008006680808080000099
[AP->STA] /dev/ttyUSB0 UDP conn=5010 port=40000 len=15 head=63630a000008006680808080000099
[STA->AP] /dev/ttyUSB1 LOG: tcp: open_fail conn=7060 port=7060 dt=5ms bind_mode=0 bind_ok=1 local=7060 errno=104 err=Connection reset by peer
[AP->STA] /dev/ttyUSB0 LOG: tcp: open_fail conn=7060 port=7060 (keeping phone tcp open)
[AP->STA] /dev/ttyUSB0 UDP conn=5010 port=40000 len=15 head=63630a000008006680808080000099
[AP->STA] /dev/ttyUSB0 UDP conn=5010 port=40000 len=15 head=63630a000008006680808080000099
[CMD t=14.346] udp dst=40000 phone_src=5010 len=15 op=0x000a head=63630a000008006680808080000099 axes=80,80,80,80 d=+0,+0,+0,+0 flags=0x00 csum_ok=1 (x25)
[AP->STA] /dev/ttyUSB0 UDP conn=5010 port=40000 len=15 head=63630a000008006680808080000099
[AP->STA] /dev/ttyUSB0 UDP conn=5010 port=40000 len=15 head=63630a000008006680808080000099
[AP->STA] /dev/ttyUSB0 UDP conn=5010 port=40000 len=15 head=63630a000008006680808080000099
[AP->STA] /dev/ttyUSB0 UDP conn=5010 port=40000 len=15 head=63630a000008006680808080000099
[AP->STA] /dev/ttyUSB0 UDP conn=5010 port=40000 len=15 head=63630a000008006680808080000099
[AP->STA] /dev/ttyUSB0 UDP conn=5010 port=40000 len=15 head=63630a000008006680808080000099
[STA->AP] /dev/ttyUSB1 LOG: tcp: connect_spawn conn=8060 port=8060 rc=1
[STA->AP] /dev/ttyUSB1 LOG: tcp: open_fail conn=8060 port=8060 dt=23ms bind_mode=0 bind_ok=1 local=8060 errno=104 err=Connection reset by peer
[AP->STA] /dev/ttyUSB0 LOG: tcp: open_fail conn=8060 port=8060 (keeping phone tcp open)
[AP->STA] /dev/ttyUSB0 UDP conn=5010 port=40000 len=15 head=63630a000008006680808080000099
[AP->STA] /dev/ttyUSB0 UDP conn=5010 port=40000 len=15 head=63630a000008006680808080000099
[AP->STA] /dev/ttyUSB0 UDP conn=5010 port=40000 len=15 head=63630a000008006680808080000099
[AP->STA] /dev/ttyUSB0 UDP conn=5010 port=40000 len=15 head=63630a000008006680808080000099
[AP->STA] /dev/ttyUSB0 UDP conn=5010 port=40000 len=15 head=63630a000008006680808080000099
[AP->STA] /dev/ttyUSB0 UDP conn=5010 port=40000 len=15 head=63630a000008006680808080000099
[AP->STA] /dev/ttyUSB0 UDP conn=5010 port=40000 len=15 head=63630a000008006680808080000099
[AP->STA] /dev/ttyUSB0 UDP conn=5010 port=40000 len=15 head=63630a000008006680808080000099
[AP->STA] /dev/ttyUSB0 UDP conn=5010 port=40000 len=15 head=63630a000008006680808080000099
[AP->STA] /dev/ttyUSB0 UDP conn=5010 port=40000 len=15 head=63630a000008006680808080000099
[AP->STA] /dev/ttyUSB0 UDP conn=5010 port=40000 len=15 head=63630a000008006680808080000099
[AP->STA] /dev/ttyUSB0 UDP conn=5010 port=40000 len=15 head=63630a000008006680808080000099
[AP->STA] /dev/ttyUSB0 UDP conn=6000 port=40000 len=7 head=63630100000000
[AP->STA] /dev/ttyUSB0 TCP_DATA conn=7060 port=7060 len=46 head=6c657765695f636d6400010000000000000000000000000000000000000000000000000000000000000000000000
[AP->STA] /dev/ttyUSB0 UDP conn=5010 port=40000 len=15 head=63630a000008006680808080000099
[STATS AP->STA] dt=1.02s dst=40000 src=5010 len=15 op=0x000a 23.6Hz | dst=40000 src=6000 len=7 op=0x0001 1.0Hz
[STA->AP] /dev/ttyUSB1 UDP conn=6000 port=40000 len=106 head=63630119006300524144434c4f4650565f38333938313900000000000000000000000000000000000000000000000000
[TEL t=15.037] udp src=40000 phone_dst=6000 len=106 cc_type=0x01 seq=0x19 head=63630119006300524144434c4f4650565f383339383139000000000000000000000000000000000000000000000000000000000000000000000000000000000000000000000000010000000000310000
[STATS STA->AP] dt=1.50s src=40000 dst=6000 len=106 1.3Hz
[AP->STA] /dev/ttyUSB0 UDP conn=5010 port=40000 len=15 head=63630a000008006680808080000099
[AP->STA] /dev/ttyUSB0 UDP conn=5010 port=40000 len=15 head=63630a000008006680808080000099
[AP->STA] /dev/ttyUSB0 UDP conn=5010 port=40000 len=15 head=63630a000008006680808080000099
[AP->STA] /dev/ttyUSB0 UDP conn=5010 port=40000 len=15 head=63630a000008006680808080000099
[AP->STA] /dev/ttyUSB0 UDP conn=5010 port=40000 len=15 head=63630a000008006680808080000099
[AP->STA] /dev/ttyUSB0 UDP conn=5010 port=40000 len=15 head=63630a000008006680808080000099
[AP->STA] /dev/ttyUSB0 UDP conn=5010 port=40000 len=15 head=63630a000008006680808080000099
[AP->STA] /dev/ttyUSB0 UDP conn=5010 port=40000 len=15 head=63630a000008006680808080000099
[CMD t=15.392] udp dst=40000 phone_src=5010 len=15 op=0x000a head=63630a000008006680808080000099 axes=80,80,80,80 d=+0,+0,+0,+0 flags=0x00 csum_ok=1 (x27)
[AP->STA] /dev/ttyUSB0 UDP conn=5010 port=40000 len=15 head=63630a000008006680808080000099
[AP->STA] /dev/ttyUSB0 UDP conn=5010 port=40000 len=15 head=63630a000008006680808080000099
[STA->AP] /dev/ttyUSB1 LOG: tcp: connect_spawn conn=8060 port=8060 rc=1
[STA->AP] /dev/ttyUSB1 LOG: tcp: open_fail conn=8060 port=8060 dt=8ms bind_mode=0 bind_ok=1 local=8060 errno=104 err=Connection reset by peer
[AP->STA] /dev/ttyUSB0 LOG: tcp: open_fail conn=8060 port=8060 (keeping phone tcp open)
[AP->STA] /dev/ttyUSB0 UDP conn=5010 port=40000 len=15 head=63630a000008006680808080000099
[AP->STA] /dev/ttyUSB0 UDP conn=5010 port=40000 len=15 head=63630a000008006680808080000099
[AP->STA] /dev/ttyUSB0 UDP conn=5010 port=40000 len=15 head=63630a000008006680808080000099
[AP->STA] /dev/ttyUSB0 UDP conn=5010 port=40000 len=15 head=63630a000008006680808080000099
[AP->STA] /dev/ttyUSB0 UDP conn=5010 port=40000 len=15 head=63630a000008006680808080000099
[AP->STA] /dev/ttyUSB0 UDP conn=5010 port=40000 len=15 head=63630a000008006680808080000099
[AP->STA] /dev/ttyUSB0 UDP conn=5010 port=40000 len=15 head=63630a000008006680808080000099
[AP->STA] /dev/ttyUSB0 UDP conn=5010 port=40000 len=15 head=63630a000008006680808080000099
[AP->STA] /dev/ttyUSB0 UDP conn=5010 port=40000 len=15 head=63630a000008006680808080000099
[AP->STA] /dev/ttyUSB0 UDP conn=5010 port=40000 len=15 head=63630a000008006680808080000099
[AP->STA] /dev/ttyUSB0 UDP conn=5010 port=40000 len=15 head=63630a000008006680808080000099
[AP->STA] /dev/ttyUSB0 UDP conn=6000 port=40000 len=7 head=63630100000000
[CMD t=15.967] udp dst=40000 phone_src=6000 len=7 op=0x0001 head=63630100000000 (x2)
[AP->STA] /dev/ttyUSB0 TCP_DATA conn=7060 port=7060 len=46 head=6c657765695f636d6400010000000000000000000000000000000000000000000000000000000000000000000000
[AP->STA] /dev/ttyUSB0 UDP conn=5010 port=40000 len=15 head=63630a000008006680808080000099
[STA->AP] /dev/ttyUSB1 UDP conn=6000 port=40000 len=106 head=6363011a006300524144434c4f4650565f38333938313900000000000000000000000000000000000000000000000000
[TEL t=16.005] udp src=40000 phone_dst=6000 len=106 cc_type=0x01 seq=0x1a head=6363011a006300524144434c4f4650565f383339383139000000000000000000000000000000000000000000000000000000000000000000000000000000000000000000000000010000000000310000
[AP->STA] /dev/ttyUSB0 UDP conn=5010 port=40000 len=15 head=63630a000008006680808080000099
[STATS AP->STA] dt=1.03s dst=40000 src=5010 len=15 op=0x000a 22.3Hz | dst=40000 src=6000 len=7 op=0x0001 1.0Hz
[AP->STA] /dev/ttyUSB0 UDP conn=5010 port=40000 len=15 head=63630a000008006680808080000099
[STA->AP] /dev/ttyUSB1 LOG: tcp: connect_spawn conn=7060 port=7060 rc=1
[STA->AP] /dev/ttyUSB1 LOG: tcp: open_fail conn=7060 port=7060 dt=3ms bind_mode=0 bind_ok=1 local=7060 errno=104 err=Connection reset by peer
[AP->STA] /dev/ttyUSB0 LOG: tcp: open_fail conn=7060 port=7060 (keeping phone tcp open)
[AP->STA] /dev/ttyUSB0 UDP conn=5010 port=40000 len=15 head=63630a000008006680808080000099
[AP->STA] /dev/ttyUSB0 UDP conn=5010 port=40000 len=15 head=63630a000008006680808080000099
[AP->STA] /dev/ttyUSB0 UDP conn=5010 port=40000 len=15 head=63630a000008006680808080000099
[AP->STA] /dev/ttyUSB0 UDP conn=5010 port=40000 len=15 head=63630a000008006680808080000099
[AP->STA] /dev/ttyUSB0 UDP conn=5010 port=40000 len=15 head=63630a000008006680808080000099
[AP->STA] /dev/ttyUSB0 UDP conn=5010 port=40000 len=15 head=63630a000008006680808080000099
[AP->STA] /dev/ttyUSB0 UDP conn=5010 port=40000 len=15 head=63630a000008006680808080000099
[CMD t=16.401] udp dst=40000 phone_src=5010 len=15 op=0x000a head=63630a000008006680808080000099 axes=80,80,80,80 d=+0,+0,+0,+0 flags=0x00 csum_ok=1 (x23)
[AP->STA] /dev/ttyUSB0 UDP conn=5010 port=40000 len=15 head=63630a000008006680808080000099
[AP->STA] /dev/ttyUSB0 UDP conn=5010 port=40000 len=15 head=63630a000008006680808080000099
[AP->STA] /dev/ttyUSB0 UDP conn=5010 port=40000 len=15 head=63630a000008006680808080000099
[AP->STA] /dev/ttyUSB0 UDP conn=5010 port=40000 len=15 head=63630a000008006680808080000099
[AP->STA] /dev/ttyUSB0 UDP conn=5010 port=40000 len=15 head=63630a000008006680808080000099
[AP->STA] /dev/ttyUSB0 UDP conn=5010 port=40000 len=15 head=63630a000008006680808080000099
[AP->STA] /dev/ttyUSB0 UDP conn=5010 port=40000 len=15 head=63630a000008006680808080000099
[AP->STA] /dev/ttyUSB0 UDP conn=5010 port=40000 len=15 head=63630a000008006680808080000099
[AP->STA] /dev/ttyUSB0 UDP conn=5010 port=40000 len=15 head=63630a000008006680808080000099
[AP->STA] /dev/ttyUSB0 UDP conn=5010 port=40000 len=15 head=63630a000008006680808080000099
[AP->STA] /dev/ttyUSB0 UDP conn=5010 port=40000 len=15 head=63630a000008006680808080000099
[AP->STA] /dev/ttyUSB0 UDP conn=5010 port=40000 len=15 head=63630a000008006680808080000099
[AP->STA] /dev/ttyUSB0 UDP conn=6000 port=40000 len=7 head=63630100000000
[CMD t=16.970] udp dst=40000 phone_src=6000 len=7 op=0x0001 head=63630100000000 (x1)
[AP->STA] /dev/ttyUSB0 UDP conn=5010 port=40000 len=15 head=63630a000008006680808080000099
[AP->STA] /dev/ttyUSB0 TCP_DATA conn=7060 port=7060 len=46 head=6c657765695f636d6400010000000000000000000000000000000000000000000000000000000000000000000000
[STA->AP] /dev/ttyUSB1 UDP conn=6000 port=40000 len=106 head=6363011b006300524144434c4f4650565f38333938313900000000000000000000000000000000000000000000000000
[TEL t=17.038] udp src=40000 phone_dst=6000 len=106 cc_type=0x01 seq=0x1b head=6363011b006300524144434c4f4650565f383339383139000000000000000000000000000000000000000000000000000000000000000000000000000000000000000000000000010000000000310000
[STATS STA->AP] dt=2.00s src=40000 dst=6000 len=106 1.0Hz
[AP->STA] /dev/ttyUSB0 UDP conn=5010 port=40000 len=15 head=63630a000008006680808080000099
[STATS AP->STA] dt=1.01s dst=40000 src=5010 len=15 op=0x000a 21.7Hz | dst=40000 src=6000 len=7 op=0x0001 1.0Hz
[AP->STA] /dev/ttyUSB0 UDP conn=5010 port=40000 len=15 head=63630a000008006680808080000099
[AP->STA] /dev/ttyUSB0 UDP conn=5010 port=40000 len=15 head=63630a000008006680808080000099
[AP->STA] /dev/ttyUSB0 UDP conn=5010 port=40000 len=15 head=63630a000008006680808080000099
[AP->STA] /dev/ttyUSB0 UDP conn=5010 port=40000 len=15 head=63630a000008006680808080000099
[AP->STA] /dev/ttyUSB0 UDP conn=5010 port=40000 len=15 head=63630a000008006680808080000099
[AP->STA] /dev/ttyUSB0 UDP conn=5010 port=40000 len=15 head=63630a000008006680808080000099
